<?xml version="1.0" encoding="UTF-8"?>
<!-- Generated by org.testng.reporters.JUnitXMLReporter -->
<testsuite ignored="1" hostname="Mateusz" failures="0" tests="6" name="Surefire test" time="8.583" errors="0" timestamp="2023-09-09T02:03:02 CEST">
  <testcase classname="pl.globallogic.gorest.UserApiCrudBasicVerificationTest" name="shouldCreateAUserAndReturnAnId" time="0.766"/>
  <testcase classname="pl.globallogic.gorest.UserApiCrudBasicVerificationTest" name="shouldDeleteUserUsingId" time="0.764"/>
  <testcase classname="pl.globallogic.gorest.UserApiCrudBasicVerificationTest" name="shouldFetchAllUsersFromDefaultPageBodyExtract" time="0.875"/>
  <testcase classname="pl.globallogic.gorest.UserApiCrudBasicVerificationTest" name="shouldUpdateExistingUserWithNewData" time="0.339"/>
  <testcase classname="pl.globallogic.gorest.UserApiCrudBasicVerificationTest" name="userDataShouldContainId" time="0.343"/>
  <testcase classname="pl.globallogic.verification.ConfigurationVerificationTest" name="shouldLogRequestAndResponseData" time="0.361"/>
  <testcase classname="pl.globallogic.verification.JsonSchemaValidationTest" name="responseShouldBeValidAgainstSchema" time="0.0">
    <ignored/>
  </testcase> <!-- responseShouldBeValidAgainstSchema -->
</testsuite> <!-- Surefire test -->
