<?xml version="1.0" encoding="UTF-8"?>
<!-- Generated by org.testng.reporters.JUnitXMLReporter -->
<testsuite ignored="0" hostname="Mateusz" failures="1" tests="7" name="Surefire test" time="6.267" errors="0" timestamp="2023-09-11T18:12:15 CEST">
  <testcase classname="pl.globallogic.gorest.user.schemavalidation.JsonSchemaValidationTest" name="responseShouldBeValidAgainstSchema" time="0.805"/>
  <testcase classname="pl.globallogic.gorest.user.UserApiCrudBasicVerificationTest" name="shouldCreateAUserAndReturnAnId" time="0.355"/>
  <testcase classname="pl.globallogic.gorest.user.UserApiCrudBasicVerificationTest" name="shouldDeleteUserUsingId" time="0.352"/>
  <testcase classname="pl.globallogic.gorest.user.UserApiCrudBasicVerificationTest" name="shouldFetchAllUsersFromDefaultPageBodyExtract" time="0.463"/>
  <testcase classname="pl.globallogic.gorest.user.UserApiCrudBasicVerificationTest" name="shouldUpdateExistingUserWithNewData" time="0.312">
    <failure type="java.lang.RuntimeException" message="com.fasterxml.jackson.databind.exc.UnrecognizedPropertyException: Unrecognized field &amp;quot;message&amp;quot; (class pl.globallogic.gorest.model.GoRestUser), not marked as ignorable (5 known properties: &amp;quot;gender&amp;quot;, &amp;quot;status&amp;quot;, &amp;quot;id&amp;quot;, &amp;quot;email&amp;quot;, &amp;quot;name&amp;quot;])
 at [Source: (String)&amp;quot;{&amp;quot;message&amp;quot;:&amp;quot;Resource not found&amp;quot;}&amp;quot;; line: 1, column: 13] (through reference chain: pl.globallogic.gorest.model.GoRestUser[&amp;quot;message&amp;quot;])">
      <![CDATA[java.lang.RuntimeException: com.fasterxml.jackson.databind.exc.UnrecognizedPropertyException: Unrecognized field "message" (class pl.globallogic.gorest.model.GoRestUser), not marked as ignorable (5 known properties: "gender", "status", "id", "email", "name"])
 at [Source: (String)"{"message":"Resource not found"}"; line: 1, column: 13] (through reference chain: pl.globallogic.gorest.model.GoRestUser["message"])
at io.restassured.internal.path.json.mapping.JsonPathJackson2ObjectDeserializer.deserialize(JsonPathJackson2ObjectDeserializer.java:30)
at io.restassured.path.json.mapping.JsonPathObjectDeserializer$deserialize.call(Unknown Source)
at io.restassured.internal.mapping.Jackson2Mapper.deserialize(Jackson2Mapper.groovy:58)
at io.restassured.mapper.ObjectMapper$deserialize$0.call(Unknown Source)
at io.restassured.internal.mapping.ObjectMapping.parseWithJackson2(ObjectMapping.groovy:254)
at io.restassured.internal.mapping.ObjectMapping$parseWithJackson2$1.callStatic(Unknown Source)
at io.restassured.internal.mapping.ObjectMapping.deserialize(ObjectMapping.groovy:56)
at io.restassured.internal.mapping.ObjectMapping$deserialize$0.call(Unknown Source)
at io.restassured.internal.RestAssuredResponseOptionsGroovyImpl.as(RestAssuredResponseOptionsGroovyImpl.groovy:229)
at io.restassured.internal.RestAssuredResponseOptionsImpl.as(RestAssuredResponseOptionsImpl.java:169)
at pl.globallogic.gorest.apis.UserAPI.updateUserInfo(UserAPI.java:61)
at pl.globallogic.gorest.user.UserApiCrudBasicVerificationTest.shouldUpdateExistingUserWithNewData(UserApiCrudBasicVerificationTest.java:58)
at java.base/java.util.ArrayList.forEach(ArrayList.java:1511)
Caused by: com.fasterxml.jackson.databind.exc.UnrecognizedPropertyException: Unrecognized field "message" (class pl.globallogic.gorest.model.GoRestUser), not marked as ignorable (5 known properties: "gender", "status", "id", "email", "name"])
 at [Source: (String)"{"message":"Resource not found"}"; line: 1, column: 13] (through reference chain: pl.globallogic.gorest.model.GoRestUser["message"])
at com.fasterxml.jackson.databind.exc.UnrecognizedPropertyException.from(UnrecognizedPropertyException.java:61)
at com.fasterxml.jackson.databind.DeserializationContext.handleUnknownProperty(DeserializationContext.java:1138)
at com.fasterxml.jackson.databind.deser.std.StdDeserializer.handleUnknownProperty(StdDeserializer.java:2224)
at com.fasterxml.jackson.databind.deser.BeanDeserializerBase.handleUnknownProperty(BeanDeserializerBase.java:1709)
at com.fasterxml.jackson.databind.deser.BeanDeserializerBase.handleUnknownVanilla(BeanDeserializerBase.java:1687)
at com.fasterxml.jackson.databind.deser.BeanDeserializer.vanillaDeserialize(BeanDeserializer.java:320)
at com.fasterxml.jackson.databind.deser.BeanDeserializer.deserialize(BeanDeserializer.java:177)
at com.fasterxml.jackson.databind.deser.DefaultDeserializationContext.readRootValue(DefaultDeserializationContext.java:323)
at com.fasterxml.jackson.databind.ObjectMapper._readMapAndClose(ObjectMapper.java:4825)
at com.fasterxml.jackson.databind.ObjectMapper.readValue(ObjectMapper.java:3772)
at io.restassured.internal.path.json.mapping.JsonPathJackson2ObjectDeserializer.deserialize(JsonPathJackson2ObjectDeserializer.java:28)
... 42 more
... Removed 30 stack frames]]>
    </failure>
  </testcase> <!-- shouldUpdateExistingUserWithNewData -->
  <testcase classname="pl.globallogic.gorest.user.UserApiCrudBasicVerificationTest" name="userDataShouldContainId" time="0.344"/>
  <testcase classname="pl.globallogic.verification.ConfigurationVerificationTest" name="shouldLogRequestAndResponseData" time="0.342"/>
</testsuite> <!-- Surefire test -->
