<?xml version="1.0" encoding="UTF-8"?>
<!-- Generated by org.testng.reporters.JUnitXMLReporter -->
<testsuite ignored="0" hostname="SZZ1-LDL-P90471" failures="1" tests="1" name="Command line test" time="2.444" errors="0" timestamp="2023-09-05T15:32:16 CEST">
  <testcase classname="pl.globallogic.verification.ConfigurationVerificationTest" name="shouldLogRequestAndResponseData" time="2.402">
    <failure type="java.lang.ClassCastException" message="class io.restassured.internal.RestAssuredResponseImpl cannot be cast to class org.asynchttpclient.Response (io.restassured.internal.RestAssuredResponseImpl and org.asynchttpclient.Response are in unnamed module of loader &amp;apos;app&amp;apos;)">
      <![CDATA[java.lang.ClassCastException: class io.restassured.internal.RestAssuredResponseImpl cannot be cast to class org.asynchttpclient.Response (io.restassured.internal.RestAssuredResponseImpl and org.asynchttpclient.Response are in unnamed module of loader 'app')
at pl.globallogic.verification.ConfigurationVerificationTest.shouldLogRequestAndResponseData(ConfigurationVerificationTest.java:17)
at java.base/java.util.ArrayList.forEach(ArrayList.java:1511)
... Removed 32 stack frames]]>
    </failure>
  </testcase> <!-- shouldLogRequestAndResponseData -->
</testsuite> <!-- Command line test -->
