-------------------------------------------------------------------------------
Test set: pl.globallogic.verification.ConfigurationVerificationTest
-------------------------------------------------------------------------------
Tests run: 1, Failures: 1, Errors: 0, Skipped: 0, Time elapsed: 4.103 sec <<< FAILURE!
shouldLogRequestAndResponseData(pl.globallogic.verification.ConfigurationVerificationTest)  Time elapsed: 2.408 sec  <<< FAILURE!
java.lang.ClassCastException: class io.restassured.internal.RestAssuredResponseImpl cannot be cast to class org.asynchttpclient.Response (io.restassured.internal.RestAssuredResponseImpl and org.asynchttpclient.Response are in unnamed module of loader 'app')
	at pl.globallogic.verification.ConfigurationVerificationTest.shouldLogRequestAndResponseData(ConfigurationVerificationTest.java:17)

