<?xml version="1.0" encoding="UTF-8" ?>
<testsuite tests="1" failures="1" name="pl.globallogic.verification.ConfigurationVerificationTest" time="2.408" errors="0" skipped="0">
  <properties>
[...]
</properties>
  <testcase classname="pl.globallogic.verification.ConfigurationVerificationTest" name="shouldLogRequestAndResponseData" time="2.408">
    <failure message="class io.restassured.internal.RestAssuredResponseImpl cannot be cast to class org.asynchttpclient.Response (io.restassured.internal.RestAssuredResponseImpl and org.asynchttpclient.Response are in unnamed module of loader &apos;app&apos;)" type="java.lang.ClassCastException">java.lang.ClassCastException: class io.restassured.internal.RestAssuredResponseImpl cannot be cast to class org.asynchttpclient.Response (io.restassured.internal.RestAssuredResponseImpl and org.asynchttpclient.Response are in unnamed module of loader &apos;app&apos;)
	at pl.globallogic.verification.ConfigurationVerificationTest.shouldLogRequestAndResponseData(ConfigurationVerificationTest.java:17)
</failure>
    <system-out>15:32:12,584 |-INFO in ch.qos.logback.classic.LoggerContext[default] - This is logback-classic version 1.4.11
15:32:12,588 |-INFO in ch.qos.logback.classic.util.ContextInitializer@7a69b07 - No custom configurators were discovered as a service.
15:32:12,588 |-INFO in ch.qos.logback.classic.util.ContextInitializer@7a69b07 - Trying to configure with ch.qos.logback.classic.joran.SerializedModelConfigurator
15:32:12,590 |-INFO in ch.qos.logback.classic.util.ContextInitializer@7a69b07 - Constructed configurator of type class ch.qos.logback.classic.joran.SerializedModelConfigurator
15:32:12,631 |-INFO in ch.qos.logback.classic.LoggerContext[default] - Could NOT find resource [logback-test.scmo]
15:32:12,632 |-INFO in ch.qos.logback.classic.LoggerContext[default] - Could NOT find resource [logback.scmo]
15:32:12,671 |-INFO in ch.qos.logback.classic.util.ContextInitializer@7a69b07 - ch.qos.logback.classic.joran.SerializedModelConfigurator.configure() call lasted 42 milliseconds. ExecutionStatus=INVOKE_NEXT_IF_ANY
15:32:12,671 |-INFO in ch.qos.logback.classic.util.ContextInitializer@7a69b07 - Trying to configure with ch.qos.logback.classic.util.DefaultJoranConfigurator
15:32:12,672 |-INFO in ch.qos.logback.classic.util.ContextInitializer@7a69b07 - Constructed configurator of type class ch.qos.logback.classic.util.DefaultJoranConfigurator
15:32:12,674 |-INFO in ch.qos.logback.classic.LoggerContext[default] - Could NOT find resource [logback-test.xml]
15:32:12,678 |-INFO in ch.qos.logback.classic.LoggerContext[default] - Found resource [logback.xml] at [file:/C:/dev/gorest-api-test-automation-restassured/target/test-classes/logback.xml]
15:32:12,679 |-WARN in ch.qos.logback.classic.util.DefaultJoranConfigurator@5e82df6a - Resource [logback.xml] occurs multiple times on the classpath.
15:32:12,679 |-WARN in ch.qos.logback.classic.util.DefaultJoranConfigurator@5e82df6a - Resource [logback.xml] occurs at [file:/C:/dev/gorest-api-test-automation-restassured/target/classes/logback.xml]
15:32:12,679 |-WARN in ch.qos.logback.classic.util.DefaultJoranConfigurator@5e82df6a - Resource [logback.xml] occurs at [file:/C:/dev/gorest-api-test-automation-restassured/target/test-classes/logback.xml]
15:32:12,882 |-INFO in ch.qos.logback.core.model.processor.AppenderModelHandler - Processing appender named [STDOUT]
15:32:12,882 |-INFO in ch.qos.logback.core.model.processor.AppenderModelHandler - About to instantiate appender of type [ch.qos.logback.core.ConsoleAppender]
15:32:12,897 |-INFO in ch.qos.logback.core.model.processor.ImplicitModelHandler - Assuming default type [ch.qos.logback.classic.encoder.PatternLayoutEncoder] for [encoder] property
15:32:12,953 |-INFO in ch.qos.logback.classic.model.processor.RootLoggerModelHandler - Setting level of ROOT logger to DEBUG
15:32:12,954 |-INFO in ch.qos.logback.core.model.processor.AppenderRefModelHandler - Attaching appender named [STDOUT] to Logger[ROOT]
15:32:12,954 |-INFO in ch.qos.logback.core.model.processor.DefaultProcessor@3f197a46 - End of configuration.
15:32:12,955 |-INFO in ch.qos.logback.classic.joran.JoranConfigurator@636be97c - Registering current configuration as safe fallback point
15:32:12,956 |-INFO in ch.qos.logback.classic.util.ContextInitializer@7a69b07 - ch.qos.logback.classic.util.DefaultJoranConfigurator.configure() call lasted 283 milliseconds. ExecutionStatus=DO_NOT_INVOKE_NEXT_IF_ANY

Configuring TestNG with: org.apache.maven.surefire.testng.conf.TestNG652Configurator@7d8995e
15:32:13.576 [main] INFO  p.g.v.ConfigurationVerificationTest - Verify test automation framework configuration test
</system-out>
  </testcase>
</testsuite>