<?xml version="1.0" encoding="UTF-8"?>
<testsuite xmlns:xsi="http://www.w3.org/2001/XMLSchema-instance" xsi:noNamespaceSchemaLocation="https://maven.apache.org/surefire/maven-surefire-plugin/xsd/surefire-test-report-3.0.xsd" version="3.0" name="TestSuite" time="7.579" tests="7" errors="0" skipped="0" failures="1">
  <properties>
[...]
</properties>
  <testcase name="responseShouldBeValidAgainstSchema" classname="pl.globallogic.gorest.user.schemavalidation.JsonSchemaValidationTest" time="0.805">
    <system-out><![CDATA[18:12:08.811 [main] INFO  p.g.gorest.user.BaseUserApiTest - Put any global set up code here!!!!
18:12:08.830 [main] INFO  p.g.gorest.user.BaseUserApiTest - Running 'responseShouldBeValidAgainstSchema' test
18:12:08.837 [main] INFO  p.g.g.u.t.UserApiTestDataGenerator - Generated email: mateusz.email42126006@hotmail.com
18:12:08.839 [main] INFO  pl.globallogic.gorest.apis.UserAPI - Creating new user with payload: CreateUserRequestDTO[email=mateusz.email42126006@hotmail.com, name=Mateusz Tolpa, gender=male, status=active]
18:12:10.298 [main] INFO  p.g.gorest.user.BaseUserApiTest - Validating response data against schema in 'user_schema.json'
HTTP/1.1 200 OK
Date: Mon, 11 Sep 2023 16:12:11 GMT
Content-Type: application/json; charset=utf-8
Transfer-Encoding: chunked
Connection: keep-alive
Cache-Control: max-age=0, private, must-revalidate
etag: W/"bf5941de24a52b0057801b8f069aa80d"
referrer-policy: strict-origin-when-cross-origin
vary: Origin
x-content-type-options: nosniff
x-download-options: noopen
x-frame-options: SAMEORIGIN
x-permitted-cross-domain-policies: none
x-ratelimit-limit: 90
x-ratelimit-remaining: 89
x-ratelimit-reset: 1
x-request-id: 78747273-9cb1-40d1-a436-f97cfaee4a0a
x-runtime: 0.034925
x-xss-protection: 0
CF-Cache-Status: DYNAMIC
Report-To: {"endpoints":[{"url":"https:\/\/a.nel.cloudflare.com\/report\/v3?s=RE2v3M10dxwCoh4wvJbMv4D3koZivdyVgJGNjcOOPiOyzRVXxfA3YvIvaY3P%2Ftz14oUyz93QklRIkHW%2Bdctg20bsh9mymdAgOHIqixgsyz4bM59s48Rb6m%2BXA6edqL0%3D"}],"group":"cf-nel","max_age":604800}
NEL: {"success_fraction":0,"report_to":"cf-nel","max_age":604800}
Server: cloudflare
CF-RAY: 805130d8ac70cc9b-WAW
Content-Encoding: gzip
alt-svc: h3=":443"; ma=86400

{
    "id": 5140467,
    "name": "Mateusz Tolpa",
    "email": "mateusz.email42126006@hotmail.com",
    "gender": "male",
    "status": "active"
}
]]></system-out>
  </testcase>
  <testcase name="shouldCreateAUserAndReturnAnId" classname="pl.globallogic.gorest.user.UserApiCrudBasicVerificationTest" time="0.355">
    <system-out><![CDATA[18:12:11.102 [main] INFO  p.g.gorest.user.BaseUserApiTest - Finishing 'responseShouldBeValidAgainstSchema' test
18:12:11.105 [main] INFO  p.g.gorest.user.BaseUserApiTest - Put any global set up code here!!!!
18:12:11.107 [main] INFO  p.g.gorest.user.BaseUserApiTest - Running 'shouldCreateAUserAndReturnAnId' test
18:12:11.108 [main] INFO  p.g.g.u.t.UserApiTestDataGenerator - Generated email: mateusz.email18613237@hotmail.com
18:12:11.108 [main] INFO  pl.globallogic.gorest.apis.UserAPI - Creating new user with payload: CreateUserRequestDTO[email=mateusz.email18613237@hotmail.com, name=Mateusz Tolpa, gender=male, status=active]
18:12:11.489 [main] INFO  p.g.gorest.user.BaseUserApiTest - Created user id: 5140468
18:12:11.490 [main] INFO  p.g.g.u.t.UserApiTestDataGenerator - Generated email: mateusz.email53052203@hotmail.com
18:12:11.490 [main] INFO  pl.globallogic.gorest.apis.UserAPI - Creating new user with payload: CreateUserRequestDTO[email=mateusz.email53052203@hotmail.com, name=Mateusz Tolpa, gender=male, status=active]
18:12:11.837 [main] INFO  p.g.gorest.user.BaseUserApiTest - User object : OurUser{id=5140469, name='Mateusz Tolpa', email='mateusz.email53052203@hotmail.com', gender='male', status='active'}
]]></system-out>
  </testcase>
  <testcase name="shouldDeleteUserUsingId" classname="pl.globallogic.gorest.user.UserApiCrudBasicVerificationTest" time="0.352">
    <system-out><![CDATA[18:12:11.845 [main] INFO  p.g.gorest.user.BaseUserApiTest - Deleting user with id '5140468' after testing completion
18:12:11.845 [main] INFO  pl.globallogic.gorest.apis.UserAPI - Deleting user with id '5140468'
18:12:12.178 [main] INFO  p.g.gorest.user.BaseUserApiTest - Finishing 'shouldCreateAUserAndReturnAnId' test
18:12:12.181 [main] INFO  p.g.gorest.user.BaseUserApiTest - Running 'shouldDeleteUserUsingId' test
18:12:12.182 [main] INFO  p.g.g.u.t.UserApiTestDataGenerator - Generated email: mateusz.email24128894@hotmail.com
18:12:12.182 [main] INFO  pl.globallogic.gorest.apis.UserAPI - Creating new user with payload: CreateUserRequestDTO[email=mateusz.email24128894@hotmail.com, name=Mateusz Tolpa, gender=male, status=active]
18:12:12.525 [main] INFO  p.g.gorest.user.BaseUserApiTest - Created user id: 5140470
18:12:12.526 [main] INFO  pl.globallogic.gorest.apis.UserAPI - Deleting user with id '5140470'
]]></system-out>
  </testcase>
  <testcase name="shouldFetchAllUsersFromDefaultPageBodyExtract" classname="pl.globallogic.gorest.user.UserApiCrudBasicVerificationTest" time="0.463">
    <system-out><![CDATA[18:12:12.878 [main] INFO  p.g.gorest.user.BaseUserApiTest - Finishing 'shouldDeleteUserUsingId' test
18:12:12.879 [main] INFO  p.g.gorest.user.BaseUserApiTest - Running 'shouldFetchAllUsersFromDefaultPageBodyExtract' test
18:12:12.880 [main] INFO  pl.globallogic.gorest.apis.UserAPI - Fetching users information
18:12:13.342 [main] INFO  p.g.gorest.user.BaseUserApiTest - Users : [OurUser{id=5140469, name='Mateusz Tolpa', email='mateusz.email53052203@hotmail.com', gender='male', status='active'}, OurUser{id=5140467, name='Mateusz Tolpa', email='mateusz.email42126006@hotmail.com', gender='male', status='active'}, OurUser{id=5140464, name='Mateusz Tolpa', email='mateusz.email65023361@hotmail.com', gender='male', status='active'}, OurUser{id=5140462, name='Mateusz Tolpa', email='mateusz.email62054443@hotmail.com', gender='male', status='active'}, OurUser{id=5140238, name='Ivan Paulouski', email='ivan.email30728424@hotmail.com', gender='male', status='active'}, OurUser{id=5140236, name='Ivan Paulouski', email='ivan.email40123734@hotmail.com', gender='male', status='active'}, OurUser{id=5140214, name='Ivan Paulouski', email='ivan.email3667912@hotmail.com', gender='male', status='active'}, OurUser{id=5140212, name='Ivan Paulouski', email='ivan.email29056253@hotmail.com', gender='male', status='active'}, OurUser{id=5140198, name='Ivan Paulouski', email='ivan.email6017066@hotmail.com', gender='male', status='active'}, OurUser{id=5140196, name='Ivan Paulouski', email='ivan.email40496890@hotmail.com', gender='male', status='active'}]
]]></system-out>
  </testcase>
  <testcase name="shouldUpdateExistingUserWithNewData" classname="pl.globallogic.gorest.user.UserApiCrudBasicVerificationTest" time="0.316">
    <failure message="com.fasterxml.jackson.databind.exc.UnrecognizedPropertyException: Unrecognized field &quot;message&quot; (class pl.globallogic.gorest.model.GoRestUser), not marked as ignorable (5 known properties: &quot;gender&quot;, &quot;status&quot;, &quot;id&quot;, &quot;email&quot;, &quot;name&quot;])&#10; at [Source: (String)&quot;{&quot;message&quot;:&quot;Resource not found&quot;}&quot;; line: 1, column: 13] (through reference chain: pl.globallogic.gorest.model.GoRestUser[&quot;message&quot;])" type="java.lang.RuntimeException"><![CDATA[java.lang.RuntimeException: 
com.fasterxml.jackson.databind.exc.UnrecognizedPropertyException: Unrecognized field "message" (class pl.globallogic.gorest.model.GoRestUser), not marked as ignorable (5 known properties: "gender", "status", "id", "email", "name"])
 at [Source: (String)"{"message":"Resource not found"}"; line: 1, column: 13] (through reference chain: pl.globallogic.gorest.model.GoRestUser["message"])
	at io.restassured.internal.path.json.mapping.JsonPathJackson2ObjectDeserializer.deserialize(JsonPathJackson2ObjectDeserializer.java:30)
	at io.restassured.path.json.mapping.JsonPathObjectDeserializer$deserialize.call(Unknown Source)
	at io.restassured.internal.mapping.Jackson2Mapper.deserialize(Jackson2Mapper.groovy:58)
	at io.restassured.mapper.ObjectMapper$deserialize$0.call(Unknown Source)
	at io.restassured.internal.mapping.ObjectMapping.parseWithJackson2(ObjectMapping.groovy:254)
	at io.restassured.internal.mapping.ObjectMapping$parseWithJackson2$1.callStatic(Unknown Source)
	at io.restassured.internal.mapping.ObjectMapping.deserialize(ObjectMapping.groovy:56)
	at io.restassured.internal.mapping.ObjectMapping$deserialize$0.call(Unknown Source)
	at io.restassured.internal.RestAssuredResponseOptionsGroovyImpl.as(RestAssuredResponseOptionsGroovyImpl.groovy:229)
	at io.restassured.internal.RestAssuredResponseOptionsImpl.as(RestAssuredResponseOptionsImpl.java:169)
	at pl.globallogic.gorest.apis.UserAPI.updateUserInfo(UserAPI.java:61)
	at pl.globallogic.gorest.user.UserApiCrudBasicVerificationTest.shouldUpdateExistingUserWithNewData(UserApiCrudBasicVerificationTest.java:58)
	at java.base/jdk.internal.reflect.DirectMethodHandleAccessor.invoke(DirectMethodHandleAccessor.java:104)
	at java.base/java.lang.reflect.Method.invoke(Method.java:578)
	at org.testng.internal.invokers.MethodInvocationHelper.invokeMethod(MethodInvocationHelper.java:139)
	at org.testng.internal.invokers.TestInvoker.invokeMethod(TestInvoker.java:664)
	at org.testng.internal.invokers.TestInvoker.invokeTestMethod(TestInvoker.java:227)
	at org.testng.internal.invokers.MethodRunner.runInSequence(MethodRunner.java:50)
	at org.testng.internal.invokers.TestInvoker$MethodInvocationAgent.invoke(TestInvoker.java:957)
	at org.testng.internal.invokers.TestInvoker.invokeTestMethods(TestInvoker.java:200)
	at org.testng.internal.invokers.TestMethodWorker.invokeTestMethods(TestMethodWorker.java:148)
	at org.testng.internal.invokers.TestMethodWorker.run(TestMethodWorker.java:128)
	at java.base/java.util.ArrayList.forEach(ArrayList.java:1511)
	at org.testng.TestRunner.privateRun(TestRunner.java:848)
	at org.testng.TestRunner.run(TestRunner.java:621)
	at org.testng.SuiteRunner.runTest(SuiteRunner.java:443)
	at org.testng.SuiteRunner.runSequentially(SuiteRunner.java:437)
	at org.testng.SuiteRunner.privateRun(SuiteRunner.java:397)
	at org.testng.SuiteRunner.run(SuiteRunner.java:336)
	at org.testng.SuiteRunnerWorker.runSuite(SuiteRunnerWorker.java:52)
	at org.testng.SuiteRunnerWorker.run(SuiteRunnerWorker.java:95)
	at org.testng.TestNG.runSuitesSequentially(TestNG.java:1280)
	at org.testng.TestNG.runSuitesLocally(TestNG.java:1200)
	at org.testng.TestNG.runSuites(TestNG.java:1114)
	at org.testng.TestNG.run(TestNG.java:1082)
	at org.apache.maven.surefire.testng.TestNGExecutor.run(TestNGExecutor.java:155)
	at org.apache.maven.surefire.testng.TestNGDirectoryTestSuite.executeMulti(TestNGDirectoryTestSuite.java:169)
	at org.apache.maven.surefire.testng.TestNGDirectoryTestSuite.execute(TestNGDirectoryTestSuite.java:88)
	at org.apache.maven.surefire.testng.TestNGProvider.invoke(TestNGProvider.java:137)
	at org.apache.maven.surefire.booter.ForkedBooter.runSuitesInProcess(ForkedBooter.java:385)
	at org.apache.maven.surefire.booter.ForkedBooter.execute(ForkedBooter.java:162)
	at org.apache.maven.surefire.booter.ForkedBooter.run(ForkedBooter.java:507)
	at org.apache.maven.surefire.booter.ForkedBooter.main(ForkedBooter.java:495)
Caused by: com.fasterxml.jackson.databind.exc.UnrecognizedPropertyException: Unrecognized field "message" (class pl.globallogic.gorest.model.GoRestUser), not marked as ignorable (5 known properties: "gender", "status", "id", "email", "name"])
 at [Source: (String)"{"message":"Resource not found"}"; line: 1, column: 13] (through reference chain: pl.globallogic.gorest.model.GoRestUser["message"])
	at com.fasterxml.jackson.databind.exc.UnrecognizedPropertyException.from(UnrecognizedPropertyException.java:61)
	at com.fasterxml.jackson.databind.DeserializationContext.handleUnknownProperty(DeserializationContext.java:1138)
	at com.fasterxml.jackson.databind.deser.std.StdDeserializer.handleUnknownProperty(StdDeserializer.java:2224)
	at com.fasterxml.jackson.databind.deser.BeanDeserializerBase.handleUnknownProperty(BeanDeserializerBase.java:1709)
	at com.fasterxml.jackson.databind.deser.BeanDeserializerBase.handleUnknownVanilla(BeanDeserializerBase.java:1687)
	at com.fasterxml.jackson.databind.deser.BeanDeserializer.vanillaDeserialize(BeanDeserializer.java:320)
	at com.fasterxml.jackson.databind.deser.BeanDeserializer.deserialize(BeanDeserializer.java:177)
	at com.fasterxml.jackson.databind.deser.DefaultDeserializationContext.readRootValue(DefaultDeserializationContext.java:323)
	at com.fasterxml.jackson.databind.ObjectMapper._readMapAndClose(ObjectMapper.java:4825)
	at com.fasterxml.jackson.databind.ObjectMapper.readValue(ObjectMapper.java:3772)
	at io.restassured.internal.path.json.mapping.JsonPathJackson2ObjectDeserializer.deserialize(JsonPathJackson2ObjectDeserializer.java:28)
	... 42 more
]]></failure>
    <system-out><![CDATA[18:12:13.343 [main] INFO  p.g.gorest.user.BaseUserApiTest - Finishing 'shouldFetchAllUsersFromDefaultPageBodyExtract' test
18:12:13.344 [main] INFO  p.g.gorest.user.BaseUserApiTest - Running 'shouldUpdateExistingUserWithNewData' test
18:12:13.344 [main] INFO  p.g.g.u.t.UserApiTestDataGenerator - Generated email: mateusz.email41110268@hotmail.com
18:12:13.345 [main] INFO  pl.globallogic.gorest.apis.UserAPI - Updating information for user with id '5140470' using next payload: CreateUserRequestDTO[email=mateusz.email41110268@hotmail.com, name=Mateusz Tolpa, gender=male, status=active]
]]></system-out>
  </testcase>
  <testcase name="userDataShouldContainId" classname="pl.globallogic.gorest.user.UserApiCrudBasicVerificationTest" time="0.345">
    <system-out><![CDATA[18:12:13.660 [main] INFO  p.g.gorest.user.BaseUserApiTest - Finishing 'shouldUpdateExistingUserWithNewData' test
18:12:13.661 [main] INFO  p.g.gorest.user.BaseUserApiTest - Running 'userDataShouldContainId' test
18:12:13.662 [main] INFO  p.g.g.u.t.UserApiTestDataGenerator - Generated email: mateusz.email38561899@hotmail.com
18:12:13.662 [main] INFO  pl.globallogic.gorest.apis.UserAPI - Creating new user with payload: CreateUserRequestDTO[email=mateusz.email38561899@hotmail.com, name=Mateusz Tolpa, gender=male, status=active]
18:12:14.009 [main] INFO  p.g.gorest.user.BaseUserApiTest - Created user id: 5140471
18:12:14.010 [main] INFO  pl.globallogic.gorest.apis.UserAPI - Fetching data for user id '5140471'
]]></system-out>
  </testcase>
  <testcase name="shouldLogRequestAndResponseData" classname="pl.globallogic.verification.ConfigurationVerificationTest" time="0.34">
    <system-out><![CDATA[18:12:14.355 [main] INFO  p.g.gorest.user.BaseUserApiTest - Deleting user with id '5140471' after testing completion
18:12:14.355 [main] INFO  pl.globallogic.gorest.apis.UserAPI - Deleting user with id '5140471'
18:12:14.701 [main] INFO  p.g.gorest.user.BaseUserApiTest - Finishing 'userDataShouldContainId' test
18:12:14.704 [main] INFO  p.g.v.ConfigurationVerificationTest - Verify test automation framework configuration test
]]></system-out>
  </testcase>
</testsuite>