<?xml version="1.0" encoding="UTF-8"?>
<testsuite name="Surefire test"
           tests="5"
           failures="0"
           errors="0"
           skipped="0"
           time="2,696">
  <properties />
  
  
            <testcase name="shouldDeleteUserUsingId" time="0,755" classname="pl.globallogic.gorest.UserApiCrudBasicVerificationTest" />
                <testcase name="shouldUpdateExistingUserWithNewData" time="0,336" classname="pl.globallogic.gorest.UserApiCrudBasicVerificationTest" />
                <testcase name="shouldCreateAUserAndReturnAnId" time="0,407" classname="pl.globallogic.gorest.UserApiCrudBasicVerificationTest" />
                <testcase name="userDataShouldContainId" time="0,315" classname="pl.globallogic.gorest.UserApiCrudBasicVerificationTest" />
                <testcase name="shouldFetchAllUsersFromDefaultPageBodyExtract" time="0,883" classname="pl.globallogic.gorest.UserApiCrudBasicVerificationTest" />
      
</testsuite>
