<?xml version="1.0" encoding="UTF-8"?>
<testsuite name="Surefire test"
           tests="4"
           failures="0"
           errors="0"
           skipped="0"
           time="1,826">
  <properties />
  
  
            <testcase name="userDataShouldContainId" time="0,344" classname="pl.globallogic.gorest.user.UserApiCrudBasicVerificationTest" />
                <testcase name="shouldDeleteUserUsingId" time="0,352" classname="pl.globallogic.gorest.user.UserApiCrudBasicVerificationTest" />
                <testcase name="shouldFetchAllUsersFromDefaultPageBodyExtract" time="0,463" classname="pl.globallogic.gorest.user.UserApiCrudBasicVerificationTest" />
                <testcase name="shouldCreateAUserAndReturnAnId" time="0,355" classname="pl.globallogic.gorest.user.UserApiCrudBasicVerificationTest" />
      
</testsuite>
